<?xml version="1.0" encoding="UTF-8"?>
<!-- Generated by org.testng.reporters.JUnitReportReporter -->
<testsuite hostname="LAPTOP-1VHF929S" failures="0" tests="3" name="testngpart.FirstDemoNG" time="0.009" errors="0" timestamp="2024-11-10T11:47:56 IST" skipped="0">
  <testcase classname="testngpart.FirstDemoNG" name="subraction" time="0.005"/>
  <system-out/>
  <testcase classname="testngpart.FirstDemoNG" name="timeOfBatch" time="0.002"/>
  <system-out/>
  <testcase classname="testngpart.FirstDemoNG" name="sum" time="0.002"/>
  <system-out/>
</testsuite> <!-- testngpart.FirstDemoNG -->
